<?xml version="1.0" encoding="UTF-8"?>
<!-- Generated by org.testng.reporters.JUnitReportReporter -->
<testsuite skipped="0" hostname="LAPTOP-K5N0C9L3" name="Runner.TestRunner" tests="12" failures="0" timestamp="2022-08-16T11:18:20 IST" time="5.296" errors="0">
  <testcase name="runScenario" time="0.137" classname="Runner.TestRunner"/>
  <system-out/>
  <testcase name="runScenario" time="3.139" classname="Runner.TestRunner"/>
  <system-out/>
  <testcase name="runScenario" time="0.195" classname="Runner.TestRunner"/>
  <system-out/>
  <testcase name="runScenario" time="0.200" classname="Runner.TestRunner"/>
  <system-out/>
  <testcase name="runScenario" time="0.170" classname="Runner.TestRunner"/>
  <system-out/>
  <testcase name="runScenario" time="0.312" classname="Runner.TestRunner"/>
  <system-out/>
  <testcase name="runScenario" time="0.140" classname="Runner.TestRunner"/>
  <system-out/>
  <testcase name="runScenario" time="0.210" classname="Runner.TestRunner"/>
  <system-out/>
  <testcase name="runScenario" time="0.126" classname="Runner.TestRunner"/>
  <system-out/>
  <testcase name="runScenario" time="0.257" classname="Runner.TestRunner"/>
  <system-out/>
  <testcase name="runScenario" time="0.177" classname="Runner.TestRunner"/>
  <system-out/>
  <testcase name="runScenario" time="0.233" classname="Runner.TestRunner"/>
  <system-out/>
</testsuite> <!-- Runner.TestRunner -->
